<?xml version="1.0" encoding="UTF-8"?>
<testsuite name="CalculatorTest" tests="1" skipped="0" failures="0" errors="0" timestamp="2023-02-04T02:56:07" hostname="DESKTOP-BUISM3G" time="0.046">
  <properties/>
  <testcase name="testSum()" classname="CalculatorTest" time="0.046"/>
  <system-out><![CDATA[]]></system-out>
  <system-err><![CDATA[]]></system-err>
</testsuite>
